<?xml version="1.0" encoding="UTF-8"?>
<!-- Generated by org.testng.reporters.JUnitXMLReporter -->
<testsuite hostname="Manish_Gupta" name="patient-heal" tests="4" failures="2" timestamp="30 Mar 2017 11:02:43 GMT" time="49.584" errors="0">
  <testcase name="@BeforeMethod SetUp" time="0.0" classname="test.patient.BookVisitTest">
    <failure type="org.openqa.selenium.NoSuchSessionException" message="Session ID is null. Using WebDriver after calling quit()?
Build info: version: &amp;apos;3.3.1&amp;apos;, revision: &amp;apos;5234b32&amp;apos;, time: &amp;apos;2017-03-10 09:04:52 -0800&amp;apos;
System info: host: &amp;apos;MANISH_GUPTA&amp;apos;, ip: &amp;apos;103.236.124.0&amp;apos;, os.name: &amp;apos;Windows 10&amp;apos;, os.arch: &amp;apos;amd64&amp;apos;, os.version: &amp;apos;10.0&amp;apos;, java.version: &amp;apos;1.8.0_121&amp;apos;
Driver info: driver.version: TestDriver">
      <![CDATA[org.openqa.selenium.NoSuchSessionException: Session ID is null. Using WebDriver after calling quit()?
Build info: version: '3.3.1', revision: '5234b32', time: '2017-03-10 09:04:52 -0800'
System info: host: 'MANISH_GUPTA', ip: '103.236.124.0', os.name: 'Windows 10', os.arch: 'amd64', os.version: '10.0', java.version: '1.8.0_121'
Driver info: driver.version: TestDriver
	at org.openqa.selenium.remote.HttpCommandExecutor.execute(HttpCommandExecutor.java:130)
	at org.openqa.selenium.remote.service.DriverCommandExecutor.execute(DriverCommandExecutor.java:82)
	at org.openqa.selenium.remote.RemoteWebDriver.execute(RemoteWebDriver.java:604)
	at org.openqa.selenium.remote.RemoteWebDriver.get(RemoteWebDriver.java:325)
	at lib.common.TestDriver.loadURL(TestDriver.java:304)
	at lib.common.Browser.loadURL(Browser.java:26)
	at lib.patient.HealPatientLoginPage.login(HealPatientLoginPage.java:31)
	at test.patient.BookVisitTest.SetUp(BookVisitTest.java:39)
... Removed 27 stack frames]]>
    </failure>
  </testcase> <!-- @BeforeMethod SetUp -->
  <testcase name="@AfterMethod tearDown" time="0.0" classname="test.patient.BookVisitTest">
    <skipped/>
  </testcase> <!-- @AfterMethod tearDown -->
  <testcase name="@BeforeMethod SetUp" time="0.0" classname="test.patient.BookVisitTest">
    <skipped/>
  </testcase> <!-- @BeforeMethod SetUp -->
  <testcase name="@AfterMethod tearDown" time="0.0" classname="test.patient.BookVisitTest">
    <skipped/>
  </testcase> <!-- @AfterMethod tearDown -->
  <testcase name="registerWithValidData" time="47.31" classname="test.patient.HealPatientRegisterTest">
    <failure type="java.lang.AssertionError" message="Username not correct expected [true] but found [false]">
      <![CDATA[java.lang.AssertionError: Username not correct expected [true] but found [false]
	at test.patient.HealPatientRegisterTest.registerWithValidData(HealPatientRegisterTest.java:46)
... Removed 28 stack frames]]>
    </failure>
  </testcase> <!-- registerWithValidData -->
  <testcase name="loginWithValidCredentails" time="0.237" classname="test.patient.HealPatientLoginTest">
    <failure type="org.openqa.selenium.NoSuchSessionException" message="Session ID is null. Using WebDriver after calling quit()?
Build info: version: &amp;apos;3.3.1&amp;apos;, revision: &amp;apos;5234b32&amp;apos;, time: &amp;apos;2017-03-10 09:04:52 -0800&amp;apos;
System info: host: &amp;apos;MANISH_GUPTA&amp;apos;, ip: &amp;apos;103.236.124.0&amp;apos;, os.name: &amp;apos;Windows 10&amp;apos;, os.arch: &amp;apos;amd64&amp;apos;, os.version: &amp;apos;10.0&amp;apos;, java.version: &amp;apos;1.8.0_121&amp;apos;
Driver info: driver.version: TestDriver">
      <![CDATA[org.openqa.selenium.NoSuchSessionException: Session ID is null. Using WebDriver after calling quit()?
Build info: version: '3.3.1', revision: '5234b32', time: '2017-03-10 09:04:52 -0800'
System info: host: 'MANISH_GUPTA', ip: '103.236.124.0', os.name: 'Windows 10', os.arch: 'amd64', os.version: '10.0', java.version: '1.8.0_121'
Driver info: driver.version: TestDriver
	at org.openqa.selenium.remote.HttpCommandExecutor.execute(HttpCommandExecutor.java:130)
	at org.openqa.selenium.remote.service.DriverCommandExecutor.execute(DriverCommandExecutor.java:82)
	at org.openqa.selenium.remote.RemoteWebDriver.execute(RemoteWebDriver.java:604)
	at org.openqa.selenium.remote.RemoteWebDriver.get(RemoteWebDriver.java:325)
	at lib.common.TestDriver.loadURL(TestDriver.java:304)
	at lib.common.Browser.loadURL(Browser.java:26)
	at lib.patient.HealPatientLoginPage.login(HealPatientLoginPage.java:31)
	at test.patient.HealPatientLoginTest.loginWithValidCredentails(HealPatientLoginTest.java:38)
... Removed 25 stack frames]]>
    </failure>
  </testcase> <!-- loginWithValidCredentails -->
  <testcase name="testNoEmgergencyCase" time="0.001" classname="test.patient.BookVisitTest">
    <skipped/>
  </testcase> <!-- testNoEmgergencyCase -->
  <testcase name="testYesEmergencyCase" time="0.006" classname="test.patient.BookVisitTest">
    <skipped/>
  </testcase> <!-- testYesEmergencyCase -->
</testsuite> <!-- patient-heal -->
